[2023-01-11T07:50:17.842+0000] {processor.py:154} INFO - Started process (PID=37) to work on /opt/airflow/dags/dag_faker.py
[2023-01-11T07:50:17.846+0000] {processor.py:756} INFO - Processing file /opt/airflow/dags/dag_faker.py for tasks to queue
[2023-01-11T07:50:17.849+0000] {logging_mixin.py:137} INFO - [2023-01-11T07:50:17.849+0000] {dagbag.py:537} INFO - Filling up the DagBag from /opt/airflow/dags/dag_faker.py
[2023-01-11T07:50:17.928+0000] {processor.py:766} INFO - DAG(s) dict_keys(['dag_faker_1']) retrieved from /opt/airflow/dags/dag_faker.py
[2023-01-11T07:50:18.053+0000] {logging_mixin.py:137} INFO - [2023-01-11T07:50:18.052+0000] {manager.py:507} INFO - Created Permission View: can read on DAG:dag_faker_1
[2023-01-11T07:50:18.061+0000] {logging_mixin.py:137} INFO - [2023-01-11T07:50:18.060+0000] {manager.py:507} INFO - Created Permission View: can edit on DAG:dag_faker_1
[2023-01-11T07:50:18.066+0000] {logging_mixin.py:137} INFO - [2023-01-11T07:50:18.066+0000] {manager.py:507} INFO - Created Permission View: can delete on DAG:dag_faker_1
[2023-01-11T07:50:18.067+0000] {logging_mixin.py:137} INFO - [2023-01-11T07:50:18.067+0000] {dag.py:2585} INFO - Sync 1 DAGs
[2023-01-11T07:50:18.077+0000] {logging_mixin.py:137} INFO - [2023-01-11T07:50:18.077+0000] {dag.py:2606} INFO - Creating ORM DAG for dag_faker_1
[2023-01-11T07:50:18.087+0000] {logging_mixin.py:137} INFO - [2023-01-11T07:50:18.086+0000] {dag.py:3340} INFO - Setting next_dagrun for dag_faker_1 to 2023-01-01T08:15:00+00:00, run_after=2023-01-02T08:15:00+00:00
[2023-01-11T07:50:18.126+0000] {processor.py:176} INFO - Processing /opt/airflow/dags/dag_faker.py took 0.287 seconds
[2023-01-11T07:50:48.280+0000] {processor.py:154} INFO - Started process (PID=67) to work on /opt/airflow/dags/dag_faker.py
[2023-01-11T07:50:48.282+0000] {processor.py:756} INFO - Processing file /opt/airflow/dags/dag_faker.py for tasks to queue
[2023-01-11T07:50:48.283+0000] {logging_mixin.py:137} INFO - [2023-01-11T07:50:48.283+0000] {dagbag.py:537} INFO - Filling up the DagBag from /opt/airflow/dags/dag_faker.py
[2023-01-11T07:50:48.342+0000] {processor.py:766} INFO - DAG(s) dict_keys(['dag_faker_1']) retrieved from /opt/airflow/dags/dag_faker.py
[2023-01-11T07:50:48.382+0000] {logging_mixin.py:137} INFO - [2023-01-11T07:50:48.382+0000] {dag.py:2585} INFO - Sync 1 DAGs
[2023-01-11T07:50:48.402+0000] {logging_mixin.py:137} INFO - [2023-01-11T07:50:48.401+0000] {dag.py:3340} INFO - Setting next_dagrun for dag_faker_1 to 2023-01-01T08:15:00+00:00, run_after=2023-01-02T08:15:00+00:00
[2023-01-11T07:50:48.421+0000] {processor.py:176} INFO - Processing /opt/airflow/dags/dag_faker.py took 0.144 seconds
[2023-01-11T07:51:18.858+0000] {processor.py:154} INFO - Started process (PID=97) to work on /opt/airflow/dags/dag_faker.py
[2023-01-11T07:51:18.860+0000] {processor.py:756} INFO - Processing file /opt/airflow/dags/dag_faker.py for tasks to queue
[2023-01-11T07:51:18.863+0000] {logging_mixin.py:137} INFO - [2023-01-11T07:51:18.863+0000] {dagbag.py:537} INFO - Filling up the DagBag from /opt/airflow/dags/dag_faker.py
[2023-01-11T07:51:18.914+0000] {processor.py:766} INFO - DAG(s) dict_keys(['dag_faker_1']) retrieved from /opt/airflow/dags/dag_faker.py
[2023-01-11T07:51:18.958+0000] {logging_mixin.py:137} INFO - [2023-01-11T07:51:18.958+0000] {dag.py:2585} INFO - Sync 1 DAGs
[2023-01-11T07:51:18.981+0000] {logging_mixin.py:137} INFO - [2023-01-11T07:51:18.981+0000] {dag.py:3340} INFO - Setting next_dagrun for dag_faker_1 to 2023-01-01T08:15:00+00:00, run_after=2023-01-02T08:15:00+00:00
[2023-01-11T07:51:19.010+0000] {processor.py:176} INFO - Processing /opt/airflow/dags/dag_faker.py took 0.157 seconds
[2023-01-11T07:51:49.221+0000] {processor.py:154} INFO - Started process (PID=118) to work on /opt/airflow/dags/dag_faker.py
[2023-01-11T07:51:49.222+0000] {processor.py:756} INFO - Processing file /opt/airflow/dags/dag_faker.py for tasks to queue
[2023-01-11T07:51:49.223+0000] {logging_mixin.py:137} INFO - [2023-01-11T07:51:49.223+0000] {dagbag.py:537} INFO - Filling up the DagBag from /opt/airflow/dags/dag_faker.py
[2023-01-11T07:51:49.264+0000] {processor.py:766} INFO - DAG(s) dict_keys(['dag_faker_1']) retrieved from /opt/airflow/dags/dag_faker.py
[2023-01-11T07:51:49.289+0000] {logging_mixin.py:137} INFO - [2023-01-11T07:51:49.289+0000] {dag.py:2585} INFO - Sync 1 DAGs
[2023-01-11T07:51:49.303+0000] {logging_mixin.py:137} INFO - [2023-01-11T07:51:49.303+0000] {dag.py:3340} INFO - Setting next_dagrun for dag_faker_1 to 2023-01-01T08:15:00+00:00, run_after=2023-01-02T08:15:00+00:00
[2023-01-11T07:51:49.313+0000] {processor.py:176} INFO - Processing /opt/airflow/dags/dag_faker.py took 0.094 seconds
[2023-01-11T07:52:19.548+0000] {processor.py:154} INFO - Started process (PID=147) to work on /opt/airflow/dags/dag_faker.py
[2023-01-11T07:52:19.549+0000] {processor.py:756} INFO - Processing file /opt/airflow/dags/dag_faker.py for tasks to queue
[2023-01-11T07:52:19.552+0000] {logging_mixin.py:137} INFO - [2023-01-11T07:52:19.552+0000] {dagbag.py:537} INFO - Filling up the DagBag from /opt/airflow/dags/dag_faker.py
[2023-01-11T07:52:19.598+0000] {processor.py:766} INFO - DAG(s) dict_keys(['dag_faker_1']) retrieved from /opt/airflow/dags/dag_faker.py
[2023-01-11T07:52:19.625+0000] {logging_mixin.py:137} INFO - [2023-01-11T07:52:19.625+0000] {dag.py:2585} INFO - Sync 1 DAGs
[2023-01-11T07:52:19.641+0000] {logging_mixin.py:137} INFO - [2023-01-11T07:52:19.640+0000] {dag.py:3340} INFO - Setting next_dagrun for dag_faker_1 to 2023-01-01T08:15:00+00:00, run_after=2023-01-02T08:15:00+00:00
[2023-01-11T07:52:19.652+0000] {processor.py:176} INFO - Processing /opt/airflow/dags/dag_faker.py took 0.108 seconds
[2023-01-11T07:52:49.901+0000] {processor.py:154} INFO - Started process (PID=177) to work on /opt/airflow/dags/dag_faker.py
[2023-01-11T07:52:49.902+0000] {processor.py:756} INFO - Processing file /opt/airflow/dags/dag_faker.py for tasks to queue
[2023-01-11T07:52:49.903+0000] {logging_mixin.py:137} INFO - [2023-01-11T07:52:49.903+0000] {dagbag.py:537} INFO - Filling up the DagBag from /opt/airflow/dags/dag_faker.py
[2023-01-11T07:52:49.946+0000] {processor.py:766} INFO - DAG(s) dict_keys(['dag_faker_1']) retrieved from /opt/airflow/dags/dag_faker.py
[2023-01-11T07:52:49.972+0000] {logging_mixin.py:137} INFO - [2023-01-11T07:52:49.972+0000] {dag.py:2585} INFO - Sync 1 DAGs
[2023-01-11T07:52:49.989+0000] {logging_mixin.py:137} INFO - [2023-01-11T07:52:49.989+0000] {dag.py:3340} INFO - Setting next_dagrun for dag_faker_1 to 2023-01-01T08:15:00+00:00, run_after=2023-01-02T08:15:00+00:00
[2023-01-11T07:52:50.001+0000] {processor.py:176} INFO - Processing /opt/airflow/dags/dag_faker.py took 0.102 seconds
[2023-01-11T07:53:20.215+0000] {processor.py:154} INFO - Started process (PID=206) to work on /opt/airflow/dags/dag_faker.py
[2023-01-11T07:53:20.216+0000] {processor.py:756} INFO - Processing file /opt/airflow/dags/dag_faker.py for tasks to queue
[2023-01-11T07:53:20.217+0000] {logging_mixin.py:137} INFO - [2023-01-11T07:53:20.217+0000] {dagbag.py:537} INFO - Filling up the DagBag from /opt/airflow/dags/dag_faker.py
[2023-01-11T07:53:20.259+0000] {processor.py:766} INFO - DAG(s) dict_keys(['dag_faker_1']) retrieved from /opt/airflow/dags/dag_faker.py
[2023-01-11T07:53:20.285+0000] {logging_mixin.py:137} INFO - [2023-01-11T07:53:20.285+0000] {dag.py:2585} INFO - Sync 1 DAGs
[2023-01-11T07:53:20.301+0000] {logging_mixin.py:137} INFO - [2023-01-11T07:53:20.301+0000] {dag.py:3340} INFO - Setting next_dagrun for dag_faker_1 to 2023-01-01T08:15:00+00:00, run_after=2023-01-02T08:15:00+00:00
[2023-01-11T07:53:20.314+0000] {processor.py:176} INFO - Processing /opt/airflow/dags/dag_faker.py took 0.102 seconds
[2023-01-11T07:53:50.561+0000] {processor.py:154} INFO - Started process (PID=236) to work on /opt/airflow/dags/dag_faker.py
[2023-01-11T07:53:50.562+0000] {processor.py:756} INFO - Processing file /opt/airflow/dags/dag_faker.py for tasks to queue
[2023-01-11T07:53:50.563+0000] {logging_mixin.py:137} INFO - [2023-01-11T07:53:50.563+0000] {dagbag.py:537} INFO - Filling up the DagBag from /opt/airflow/dags/dag_faker.py
[2023-01-11T07:53:50.608+0000] {processor.py:766} INFO - DAG(s) dict_keys(['dag_faker_1']) retrieved from /opt/airflow/dags/dag_faker.py
[2023-01-11T07:53:50.635+0000] {logging_mixin.py:137} INFO - [2023-01-11T07:53:50.635+0000] {dag.py:2585} INFO - Sync 1 DAGs
[2023-01-11T07:53:50.652+0000] {logging_mixin.py:137} INFO - [2023-01-11T07:53:50.652+0000] {dag.py:3340} INFO - Setting next_dagrun for dag_faker_1 to 2023-01-01T08:15:00+00:00, run_after=2023-01-02T08:15:00+00:00
[2023-01-11T07:53:50.663+0000] {processor.py:176} INFO - Processing /opt/airflow/dags/dag_faker.py took 0.105 seconds
[2023-01-11T07:54:21.514+0000] {processor.py:154} INFO - Started process (PID=266) to work on /opt/airflow/dags/dag_faker.py
[2023-01-11T07:54:21.516+0000] {processor.py:756} INFO - Processing file /opt/airflow/dags/dag_faker.py for tasks to queue
[2023-01-11T07:54:21.517+0000] {logging_mixin.py:137} INFO - [2023-01-11T07:54:21.517+0000] {dagbag.py:537} INFO - Filling up the DagBag from /opt/airflow/dags/dag_faker.py
[2023-01-11T07:54:21.616+0000] {processor.py:766} INFO - DAG(s) dict_keys(['dag_faker_1']) retrieved from /opt/airflow/dags/dag_faker.py
[2023-01-11T07:54:21.670+0000] {logging_mixin.py:137} INFO - [2023-01-11T07:54:21.670+0000] {dag.py:2585} INFO - Sync 1 DAGs
[2023-01-11T07:54:21.693+0000] {logging_mixin.py:137} INFO - [2023-01-11T07:54:21.693+0000] {dag.py:3340} INFO - Setting next_dagrun for dag_faker_1 to 2023-01-01T08:15:00+00:00, run_after=2023-01-02T08:15:00+00:00
[2023-01-11T07:54:21.712+0000] {processor.py:176} INFO - Processing /opt/airflow/dags/dag_faker.py took 0.204 seconds
[2023-01-11T07:54:51.952+0000] {processor.py:154} INFO - Started process (PID=287) to work on /opt/airflow/dags/dag_faker.py
[2023-01-11T07:54:51.953+0000] {processor.py:756} INFO - Processing file /opt/airflow/dags/dag_faker.py for tasks to queue
[2023-01-11T07:54:51.953+0000] {logging_mixin.py:137} INFO - [2023-01-11T07:54:51.953+0000] {dagbag.py:537} INFO - Filling up the DagBag from /opt/airflow/dags/dag_faker.py
[2023-01-11T07:54:52.002+0000] {processor.py:766} INFO - DAG(s) dict_keys(['dag_faker_1']) retrieved from /opt/airflow/dags/dag_faker.py
[2023-01-11T07:54:52.029+0000] {logging_mixin.py:137} INFO - [2023-01-11T07:54:52.029+0000] {dag.py:2585} INFO - Sync 1 DAGs
[2023-01-11T07:54:52.046+0000] {logging_mixin.py:137} INFO - [2023-01-11T07:54:52.046+0000] {dag.py:3340} INFO - Setting next_dagrun for dag_faker_1 to 2023-01-01T08:15:00+00:00, run_after=2023-01-02T08:15:00+00:00
[2023-01-11T07:54:52.056+0000] {processor.py:176} INFO - Processing /opt/airflow/dags/dag_faker.py took 0.107 seconds
[2023-01-11T07:55:22.359+0000] {processor.py:154} INFO - Started process (PID=316) to work on /opt/airflow/dags/dag_faker.py
[2023-01-11T07:55:22.360+0000] {processor.py:756} INFO - Processing file /opt/airflow/dags/dag_faker.py for tasks to queue
[2023-01-11T07:55:22.361+0000] {logging_mixin.py:137} INFO - [2023-01-11T07:55:22.361+0000] {dagbag.py:537} INFO - Filling up the DagBag from /opt/airflow/dags/dag_faker.py
[2023-01-11T07:55:22.399+0000] {processor.py:766} INFO - DAG(s) dict_keys(['dag_faker_1']) retrieved from /opt/airflow/dags/dag_faker.py
[2023-01-11T07:55:22.424+0000] {logging_mixin.py:137} INFO - [2023-01-11T07:55:22.424+0000] {dag.py:2585} INFO - Sync 1 DAGs
[2023-01-11T07:55:22.437+0000] {logging_mixin.py:137} INFO - [2023-01-11T07:55:22.437+0000] {dag.py:3340} INFO - Setting next_dagrun for dag_faker_1 to 2023-01-01T08:15:00+00:00, run_after=2023-01-02T08:15:00+00:00
[2023-01-11T07:55:22.448+0000] {processor.py:176} INFO - Processing /opt/airflow/dags/dag_faker.py took 0.091 seconds
[2023-01-11T07:55:52.760+0000] {processor.py:154} INFO - Started process (PID=347) to work on /opt/airflow/dags/dag_faker.py
[2023-01-11T07:55:52.761+0000] {processor.py:756} INFO - Processing file /opt/airflow/dags/dag_faker.py for tasks to queue
[2023-01-11T07:55:52.762+0000] {logging_mixin.py:137} INFO - [2023-01-11T07:55:52.762+0000] {dagbag.py:537} INFO - Filling up the DagBag from /opt/airflow/dags/dag_faker.py
[2023-01-11T07:55:52.805+0000] {processor.py:766} INFO - DAG(s) dict_keys(['dag_faker_1']) retrieved from /opt/airflow/dags/dag_faker.py
[2023-01-11T07:55:52.832+0000] {logging_mixin.py:137} INFO - [2023-01-11T07:55:52.831+0000] {dag.py:2585} INFO - Sync 1 DAGs
[2023-01-11T07:55:52.848+0000] {logging_mixin.py:137} INFO - [2023-01-11T07:55:52.848+0000] {dag.py:3340} INFO - Setting next_dagrun for dag_faker_1 to 2023-01-01T08:15:00+00:00, run_after=2023-01-02T08:15:00+00:00
[2023-01-11T07:55:52.859+0000] {processor.py:176} INFO - Processing /opt/airflow/dags/dag_faker.py took 0.101 seconds
