[2023-01-11T07:50:17.538+0000] {processor.py:154} INFO - Started process (PID=36) to work on /opt/airflow/dags/dag_postgres.py
[2023-01-11T07:50:17.540+0000] {processor.py:756} INFO - Processing file /opt/airflow/dags/dag_postgres.py for tasks to queue
[2023-01-11T07:50:17.542+0000] {logging_mixin.py:137} INFO - [2023-01-11T07:50:17.542+0000] {dagbag.py:537} INFO - Filling up the DagBag from /opt/airflow/dags/dag_postgres.py
[2023-01-11T07:50:17.670+0000] {processor.py:766} INFO - DAG(s) dict_keys(['dag_with_postgres_operator_v01']) retrieved from /opt/airflow/dags/dag_postgres.py
[2023-01-11T07:50:17.774+0000] {logging_mixin.py:137} INFO - [2023-01-11T07:50:17.774+0000] {manager.py:507} INFO - Created Permission View: can read on DAG:dag_with_postgres_operator_v01
[2023-01-11T07:50:17.798+0000] {logging_mixin.py:137} INFO - [2023-01-11T07:50:17.798+0000] {manager.py:507} INFO - Created Permission View: can edit on DAG:dag_with_postgres_operator_v01
[2023-01-11T07:50:17.811+0000] {logging_mixin.py:137} INFO - [2023-01-11T07:50:17.811+0000] {manager.py:507} INFO - Created Permission View: can delete on DAG:dag_with_postgres_operator_v01
[2023-01-11T07:50:17.813+0000] {logging_mixin.py:137} INFO - [2023-01-11T07:50:17.813+0000] {dag.py:2585} INFO - Sync 1 DAGs
[2023-01-11T07:50:17.824+0000] {logging_mixin.py:137} INFO - [2023-01-11T07:50:17.824+0000] {dag.py:2606} INFO - Creating ORM DAG for dag_with_postgres_operator_v01
[2023-01-11T07:50:17.839+0000] {logging_mixin.py:137} INFO - [2023-01-11T07:50:17.839+0000] {dag.py:3340} INFO - Setting next_dagrun for dag_with_postgres_operator_v01 to 2022-01-01T08:15:00+00:00, run_after=2022-01-02T08:15:00+00:00
[2023-01-11T07:50:17.867+0000] {processor.py:176} INFO - Processing /opt/airflow/dags/dag_postgres.py took 0.332 seconds
[2023-01-11T07:50:48.095+0000] {processor.py:154} INFO - Started process (PID=66) to work on /opt/airflow/dags/dag_postgres.py
[2023-01-11T07:50:48.097+0000] {processor.py:756} INFO - Processing file /opt/airflow/dags/dag_postgres.py for tasks to queue
[2023-01-11T07:50:48.098+0000] {logging_mixin.py:137} INFO - [2023-01-11T07:50:48.098+0000] {dagbag.py:537} INFO - Filling up the DagBag from /opt/airflow/dags/dag_postgres.py
[2023-01-11T07:50:48.173+0000] {processor.py:766} INFO - DAG(s) dict_keys(['dag_with_postgres_operator_v01']) retrieved from /opt/airflow/dags/dag_postgres.py
[2023-01-11T07:50:48.205+0000] {logging_mixin.py:137} INFO - [2023-01-11T07:50:48.204+0000] {dag.py:2585} INFO - Sync 1 DAGs
[2023-01-11T07:50:48.221+0000] {logging_mixin.py:137} INFO - [2023-01-11T07:50:48.221+0000] {dag.py:3340} INFO - Setting next_dagrun for dag_with_postgres_operator_v01 to 2022-01-01T08:15:00+00:00, run_after=2022-01-02T08:15:00+00:00
[2023-01-11T07:50:48.259+0000] {processor.py:176} INFO - Processing /opt/airflow/dags/dag_postgres.py took 0.167 seconds
[2023-01-11T07:51:18.586+0000] {processor.py:154} INFO - Started process (PID=96) to work on /opt/airflow/dags/dag_postgres.py
[2023-01-11T07:51:18.590+0000] {processor.py:756} INFO - Processing file /opt/airflow/dags/dag_postgres.py for tasks to queue
[2023-01-11T07:51:18.596+0000] {logging_mixin.py:137} INFO - [2023-01-11T07:51:18.596+0000] {dagbag.py:537} INFO - Filling up the DagBag from /opt/airflow/dags/dag_postgres.py
[2023-01-11T07:51:18.667+0000] {processor.py:766} INFO - DAG(s) dict_keys(['dag_with_postgres_operator_v01']) retrieved from /opt/airflow/dags/dag_postgres.py
[2023-01-11T07:51:18.706+0000] {logging_mixin.py:137} INFO - [2023-01-11T07:51:18.706+0000] {dag.py:2585} INFO - Sync 1 DAGs
[2023-01-11T07:51:18.749+0000] {logging_mixin.py:137} INFO - [2023-01-11T07:51:18.749+0000] {dag.py:3340} INFO - Setting next_dagrun for dag_with_postgres_operator_v01 to 2022-01-01T08:15:00+00:00, run_after=2022-01-02T08:15:00+00:00
[2023-01-11T07:51:18.808+0000] {processor.py:176} INFO - Processing /opt/airflow/dags/dag_postgres.py took 0.230 seconds
[2023-01-11T07:51:49.123+0000] {processor.py:154} INFO - Started process (PID=117) to work on /opt/airflow/dags/dag_postgres.py
[2023-01-11T07:51:49.124+0000] {processor.py:756} INFO - Processing file /opt/airflow/dags/dag_postgres.py for tasks to queue
[2023-01-11T07:51:49.125+0000] {logging_mixin.py:137} INFO - [2023-01-11T07:51:49.125+0000] {dagbag.py:537} INFO - Filling up the DagBag from /opt/airflow/dags/dag_postgres.py
[2023-01-11T07:51:49.168+0000] {processor.py:766} INFO - DAG(s) dict_keys(['dag_with_postgres_operator_v01']) retrieved from /opt/airflow/dags/dag_postgres.py
[2023-01-11T07:51:49.197+0000] {logging_mixin.py:137} INFO - [2023-01-11T07:51:49.197+0000] {dag.py:2585} INFO - Sync 1 DAGs
[2023-01-11T07:51:49.213+0000] {logging_mixin.py:137} INFO - [2023-01-11T07:51:49.213+0000] {dag.py:3340} INFO - Setting next_dagrun for dag_with_postgres_operator_v01 to 2022-01-01T08:15:00+00:00, run_after=2022-01-02T08:15:00+00:00
[2023-01-11T07:51:49.225+0000] {processor.py:176} INFO - Processing /opt/airflow/dags/dag_postgres.py took 0.105 seconds
[2023-01-11T07:52:19.449+0000] {processor.py:154} INFO - Started process (PID=146) to work on /opt/airflow/dags/dag_postgres.py
[2023-01-11T07:52:19.451+0000] {processor.py:756} INFO - Processing file /opt/airflow/dags/dag_postgres.py for tasks to queue
[2023-01-11T07:52:19.452+0000] {logging_mixin.py:137} INFO - [2023-01-11T07:52:19.452+0000] {dagbag.py:537} INFO - Filling up the DagBag from /opt/airflow/dags/dag_postgres.py
[2023-01-11T07:52:19.493+0000] {processor.py:766} INFO - DAG(s) dict_keys(['dag_with_postgres_operator_v01']) retrieved from /opt/airflow/dags/dag_postgres.py
[2023-01-11T07:52:19.521+0000] {logging_mixin.py:137} INFO - [2023-01-11T07:52:19.521+0000] {dag.py:2585} INFO - Sync 1 DAGs
[2023-01-11T07:52:19.538+0000] {logging_mixin.py:137} INFO - [2023-01-11T07:52:19.538+0000] {dag.py:3340} INFO - Setting next_dagrun for dag_with_postgres_operator_v01 to 2022-01-01T08:15:00+00:00, run_after=2022-01-02T08:15:00+00:00
[2023-01-11T07:52:19.553+0000] {processor.py:176} INFO - Processing /opt/airflow/dags/dag_postgres.py took 0.106 seconds
[2023-01-11T07:52:49.809+0000] {processor.py:154} INFO - Started process (PID=176) to work on /opt/airflow/dags/dag_postgres.py
[2023-01-11T07:52:49.810+0000] {processor.py:756} INFO - Processing file /opt/airflow/dags/dag_postgres.py for tasks to queue
[2023-01-11T07:52:49.811+0000] {logging_mixin.py:137} INFO - [2023-01-11T07:52:49.811+0000] {dagbag.py:537} INFO - Filling up the DagBag from /opt/airflow/dags/dag_postgres.py
[2023-01-11T07:52:49.852+0000] {processor.py:766} INFO - DAG(s) dict_keys(['dag_with_postgres_operator_v01']) retrieved from /opt/airflow/dags/dag_postgres.py
[2023-01-11T07:52:49.880+0000] {logging_mixin.py:137} INFO - [2023-01-11T07:52:49.880+0000] {dag.py:2585} INFO - Sync 1 DAGs
[2023-01-11T07:52:49.898+0000] {logging_mixin.py:137} INFO - [2023-01-11T07:52:49.898+0000] {dag.py:3340} INFO - Setting next_dagrun for dag_with_postgres_operator_v01 to 2022-01-01T08:15:00+00:00, run_after=2022-01-02T08:15:00+00:00
[2023-01-11T07:52:49.910+0000] {processor.py:176} INFO - Processing /opt/airflow/dags/dag_postgres.py took 0.104 seconds
[2023-01-11T07:53:20.121+0000] {processor.py:154} INFO - Started process (PID=205) to work on /opt/airflow/dags/dag_postgres.py
[2023-01-11T07:53:20.122+0000] {processor.py:756} INFO - Processing file /opt/airflow/dags/dag_postgres.py for tasks to queue
[2023-01-11T07:53:20.123+0000] {logging_mixin.py:137} INFO - [2023-01-11T07:53:20.123+0000] {dagbag.py:537} INFO - Filling up the DagBag from /opt/airflow/dags/dag_postgres.py
[2023-01-11T07:53:20.164+0000] {processor.py:766} INFO - DAG(s) dict_keys(['dag_with_postgres_operator_v01']) retrieved from /opt/airflow/dags/dag_postgres.py
[2023-01-11T07:53:20.192+0000] {logging_mixin.py:137} INFO - [2023-01-11T07:53:20.191+0000] {dag.py:2585} INFO - Sync 1 DAGs
[2023-01-11T07:53:20.210+0000] {logging_mixin.py:137} INFO - [2023-01-11T07:53:20.210+0000] {dag.py:3340} INFO - Setting next_dagrun for dag_with_postgres_operator_v01 to 2022-01-01T08:15:00+00:00, run_after=2022-01-02T08:15:00+00:00
[2023-01-11T07:53:20.222+0000] {processor.py:176} INFO - Processing /opt/airflow/dags/dag_postgres.py took 0.103 seconds
[2023-01-11T07:53:50.462+0000] {processor.py:154} INFO - Started process (PID=235) to work on /opt/airflow/dags/dag_postgres.py
[2023-01-11T07:53:50.463+0000] {processor.py:756} INFO - Processing file /opt/airflow/dags/dag_postgres.py for tasks to queue
[2023-01-11T07:53:50.464+0000] {logging_mixin.py:137} INFO - [2023-01-11T07:53:50.464+0000] {dagbag.py:537} INFO - Filling up the DagBag from /opt/airflow/dags/dag_postgres.py
[2023-01-11T07:53:50.507+0000] {processor.py:766} INFO - DAG(s) dict_keys(['dag_with_postgres_operator_v01']) retrieved from /opt/airflow/dags/dag_postgres.py
[2023-01-11T07:53:50.534+0000] {logging_mixin.py:137} INFO - [2023-01-11T07:53:50.534+0000] {dag.py:2585} INFO - Sync 1 DAGs
[2023-01-11T07:53:50.553+0000] {logging_mixin.py:137} INFO - [2023-01-11T07:53:50.553+0000] {dag.py:3340} INFO - Setting next_dagrun for dag_with_postgres_operator_v01 to 2022-01-01T08:15:00+00:00, run_after=2022-01-02T08:15:00+00:00
[2023-01-11T07:53:50.567+0000] {processor.py:176} INFO - Processing /opt/airflow/dags/dag_postgres.py took 0.108 seconds
[2023-01-11T07:54:21.344+0000] {processor.py:154} INFO - Started process (PID=265) to work on /opt/airflow/dags/dag_postgres.py
[2023-01-11T07:54:21.346+0000] {processor.py:756} INFO - Processing file /opt/airflow/dags/dag_postgres.py for tasks to queue
[2023-01-11T07:54:21.347+0000] {logging_mixin.py:137} INFO - [2023-01-11T07:54:21.346+0000] {dagbag.py:537} INFO - Filling up the DagBag from /opt/airflow/dags/dag_postgres.py
[2023-01-11T07:54:21.464+0000] {processor.py:766} INFO - DAG(s) dict_keys(['dag_with_postgres_operator_v01']) retrieved from /opt/airflow/dags/dag_postgres.py
[2023-01-11T07:54:21.518+0000] {logging_mixin.py:137} INFO - [2023-01-11T07:54:21.518+0000] {dag.py:2585} INFO - Sync 1 DAGs
[2023-01-11T07:54:21.547+0000] {logging_mixin.py:137} INFO - [2023-01-11T07:54:21.547+0000] {dag.py:3340} INFO - Setting next_dagrun for dag_with_postgres_operator_v01 to 2022-01-01T08:15:00+00:00, run_after=2022-01-02T08:15:00+00:00
[2023-01-11T07:54:21.575+0000] {processor.py:176} INFO - Processing /opt/airflow/dags/dag_postgres.py took 0.235 seconds
[2023-01-11T07:54:51.814+0000] {processor.py:154} INFO - Started process (PID=286) to work on /opt/airflow/dags/dag_postgres.py
[2023-01-11T07:54:51.816+0000] {processor.py:756} INFO - Processing file /opt/airflow/dags/dag_postgres.py for tasks to queue
[2023-01-11T07:54:51.817+0000] {logging_mixin.py:137} INFO - [2023-01-11T07:54:51.817+0000] {dagbag.py:537} INFO - Filling up the DagBag from /opt/airflow/dags/dag_postgres.py
[2023-01-11T07:54:51.864+0000] {processor.py:766} INFO - DAG(s) dict_keys(['dag_with_postgres_operator_v01']) retrieved from /opt/airflow/dags/dag_postgres.py
[2023-01-11T07:54:51.898+0000] {logging_mixin.py:137} INFO - [2023-01-11T07:54:51.898+0000] {dag.py:2585} INFO - Sync 1 DAGs
[2023-01-11T07:54:51.918+0000] {logging_mixin.py:137} INFO - [2023-01-11T07:54:51.918+0000] {dag.py:3340} INFO - Setting next_dagrun for dag_with_postgres_operator_v01 to 2022-01-01T08:15:00+00:00, run_after=2022-01-02T08:15:00+00:00
[2023-01-11T07:54:51.934+0000] {processor.py:176} INFO - Processing /opt/airflow/dags/dag_postgres.py took 0.123 seconds
[2023-01-11T07:55:22.259+0000] {processor.py:154} INFO - Started process (PID=315) to work on /opt/airflow/dags/dag_postgres.py
[2023-01-11T07:55:22.261+0000] {processor.py:756} INFO - Processing file /opt/airflow/dags/dag_postgres.py for tasks to queue
[2023-01-11T07:55:22.263+0000] {logging_mixin.py:137} INFO - [2023-01-11T07:55:22.263+0000] {dagbag.py:537} INFO - Filling up the DagBag from /opt/airflow/dags/dag_postgres.py
[2023-01-11T07:55:22.313+0000] {processor.py:766} INFO - DAG(s) dict_keys(['dag_with_postgres_operator_v01']) retrieved from /opt/airflow/dags/dag_postgres.py
[2023-01-11T07:55:22.338+0000] {logging_mixin.py:137} INFO - [2023-01-11T07:55:22.338+0000] {dag.py:2585} INFO - Sync 1 DAGs
[2023-01-11T07:55:22.354+0000] {logging_mixin.py:137} INFO - [2023-01-11T07:55:22.354+0000] {dag.py:3340} INFO - Setting next_dagrun for dag_with_postgres_operator_v01 to 2022-01-01T08:15:00+00:00, run_after=2022-01-02T08:15:00+00:00
[2023-01-11T07:55:22.365+0000] {processor.py:176} INFO - Processing /opt/airflow/dags/dag_postgres.py took 0.112 seconds
[2023-01-11T07:55:52.653+0000] {processor.py:154} INFO - Started process (PID=346) to work on /opt/airflow/dags/dag_postgres.py
[2023-01-11T07:55:52.655+0000] {processor.py:756} INFO - Processing file /opt/airflow/dags/dag_postgres.py for tasks to queue
[2023-01-11T07:55:52.657+0000] {logging_mixin.py:137} INFO - [2023-01-11T07:55:52.656+0000] {dagbag.py:537} INFO - Filling up the DagBag from /opt/airflow/dags/dag_postgres.py
[2023-01-11T07:55:52.709+0000] {processor.py:766} INFO - DAG(s) dict_keys(['dag_with_postgres_operator_v01']) retrieved from /opt/airflow/dags/dag_postgres.py
[2023-01-11T07:55:52.738+0000] {logging_mixin.py:137} INFO - [2023-01-11T07:55:52.738+0000] {dag.py:2585} INFO - Sync 1 DAGs
[2023-01-11T07:55:52.757+0000] {logging_mixin.py:137} INFO - [2023-01-11T07:55:52.757+0000] {dag.py:3340} INFO - Setting next_dagrun for dag_with_postgres_operator_v01 to 2022-01-01T08:15:00+00:00, run_after=2022-01-02T08:15:00+00:00
[2023-01-11T07:55:52.770+0000] {processor.py:176} INFO - Processing /opt/airflow/dags/dag_postgres.py took 0.121 seconds
