[2023-01-11T07:50:17.517+0000] {processor.py:154} INFO - Started process (PID=35) to work on /opt/airflow/dags/hello_world.py
[2023-01-11T07:50:17.519+0000] {processor.py:756} INFO - Processing file /opt/airflow/dags/hello_world.py for tasks to queue
[2023-01-11T07:50:17.521+0000] {logging_mixin.py:137} INFO - [2023-01-11T07:50:17.520+0000] {dagbag.py:537} INFO - Filling up the DagBag from /opt/airflow/dags/hello_world.py
[2023-01-11T07:50:17.578+0000] {processor.py:766} INFO - DAG(s) dict_keys(['hello_world']) retrieved from /opt/airflow/dags/hello_world.py
[2023-01-11T07:50:17.716+0000] {logging_mixin.py:137} INFO - [2023-01-11T07:50:17.716+0000] {manager.py:507} INFO - Created Permission View: can read on DAG:hello_world
[2023-01-11T07:50:17.726+0000] {logging_mixin.py:137} INFO - [2023-01-11T07:50:17.726+0000] {manager.py:507} INFO - Created Permission View: can edit on DAG:hello_world
[2023-01-11T07:50:17.739+0000] {logging_mixin.py:137} INFO - [2023-01-11T07:50:17.739+0000] {manager.py:507} INFO - Created Permission View: can delete on DAG:hello_world
[2023-01-11T07:50:17.741+0000] {logging_mixin.py:137} INFO - [2023-01-11T07:50:17.741+0000] {dag.py:2585} INFO - Sync 1 DAGs
[2023-01-11T07:50:17.756+0000] {logging_mixin.py:137} INFO - [2023-01-11T07:50:17.755+0000] {dag.py:2606} INFO - Creating ORM DAG for hello_world
[2023-01-11T07:50:17.771+0000] {logging_mixin.py:137} INFO - [2023-01-11T07:50:17.771+0000] {dag.py:3340} INFO - Setting next_dagrun for hello_world to 2023-01-11T06:00:00+00:00, run_after=2023-01-11T07:00:00+00:00
[2023-01-11T07:50:17.805+0000] {processor.py:176} INFO - Processing /opt/airflow/dags/hello_world.py took 0.292 seconds
[2023-01-11T07:50:48.095+0000] {processor.py:154} INFO - Started process (PID=65) to work on /opt/airflow/dags/hello_world.py
[2023-01-11T07:50:48.097+0000] {processor.py:756} INFO - Processing file /opt/airflow/dags/hello_world.py for tasks to queue
[2023-01-11T07:50:48.098+0000] {logging_mixin.py:137} INFO - [2023-01-11T07:50:48.098+0000] {dagbag.py:537} INFO - Filling up the DagBag from /opt/airflow/dags/hello_world.py
[2023-01-11T07:50:48.127+0000] {processor.py:766} INFO - DAG(s) dict_keys(['hello_world']) retrieved from /opt/airflow/dags/hello_world.py
[2023-01-11T07:50:48.181+0000] {logging_mixin.py:137} INFO - [2023-01-11T07:50:48.181+0000] {dag.py:2585} INFO - Sync 1 DAGs
[2023-01-11T07:50:48.213+0000] {logging_mixin.py:137} INFO - [2023-01-11T07:50:48.213+0000] {dag.py:3340} INFO - Setting next_dagrun for hello_world to 2023-01-11T06:00:00+00:00, run_after=2023-01-11T07:00:00+00:00
[2023-01-11T07:50:48.242+0000] {processor.py:176} INFO - Processing /opt/airflow/dags/hello_world.py took 0.150 seconds
[2023-01-11T07:51:18.607+0000] {processor.py:154} INFO - Started process (PID=95) to work on /opt/airflow/dags/hello_world.py
[2023-01-11T07:51:18.609+0000] {processor.py:756} INFO - Processing file /opt/airflow/dags/hello_world.py for tasks to queue
[2023-01-11T07:51:18.610+0000] {logging_mixin.py:137} INFO - [2023-01-11T07:51:18.610+0000] {dagbag.py:537} INFO - Filling up the DagBag from /opt/airflow/dags/hello_world.py
[2023-01-11T07:51:18.642+0000] {processor.py:766} INFO - DAG(s) dict_keys(['hello_world']) retrieved from /opt/airflow/dags/hello_world.py
[2023-01-11T07:51:18.683+0000] {logging_mixin.py:137} INFO - [2023-01-11T07:51:18.683+0000] {dag.py:2585} INFO - Sync 1 DAGs
[2023-01-11T07:51:18.724+0000] {logging_mixin.py:137} INFO - [2023-01-11T07:51:18.724+0000] {dag.py:3340} INFO - Setting next_dagrun for hello_world to 2023-01-11T06:00:00+00:00, run_after=2023-01-11T07:00:00+00:00
[2023-01-11T07:51:18.807+0000] {processor.py:176} INFO - Processing /opt/airflow/dags/hello_world.py took 0.206 seconds
[2023-01-11T07:51:49.123+0000] {processor.py:154} INFO - Started process (PID=116) to work on /opt/airflow/dags/hello_world.py
[2023-01-11T07:51:49.124+0000] {processor.py:756} INFO - Processing file /opt/airflow/dags/hello_world.py for tasks to queue
[2023-01-11T07:51:49.125+0000] {logging_mixin.py:137} INFO - [2023-01-11T07:51:49.125+0000] {dagbag.py:537} INFO - Filling up the DagBag from /opt/airflow/dags/hello_world.py
[2023-01-11T07:51:49.141+0000] {processor.py:766} INFO - DAG(s) dict_keys(['hello_world']) retrieved from /opt/airflow/dags/hello_world.py
[2023-01-11T07:51:49.169+0000] {logging_mixin.py:137} INFO - [2023-01-11T07:51:49.169+0000] {dag.py:2585} INFO - Sync 1 DAGs
[2023-01-11T07:51:49.188+0000] {logging_mixin.py:137} INFO - [2023-01-11T07:51:49.188+0000] {dag.py:3340} INFO - Setting next_dagrun for hello_world to 2023-01-11T06:00:00+00:00, run_after=2023-01-11T07:00:00+00:00
[2023-01-11T07:51:49.199+0000] {processor.py:176} INFO - Processing /opt/airflow/dags/hello_world.py took 0.079 seconds
[2023-01-11T07:52:19.448+0000] {processor.py:154} INFO - Started process (PID=145) to work on /opt/airflow/dags/hello_world.py
[2023-01-11T07:52:19.449+0000] {processor.py:756} INFO - Processing file /opt/airflow/dags/hello_world.py for tasks to queue
[2023-01-11T07:52:19.451+0000] {logging_mixin.py:137} INFO - [2023-01-11T07:52:19.451+0000] {dagbag.py:537} INFO - Filling up the DagBag from /opt/airflow/dags/hello_world.py
[2023-01-11T07:52:19.466+0000] {processor.py:766} INFO - DAG(s) dict_keys(['hello_world']) retrieved from /opt/airflow/dags/hello_world.py
[2023-01-11T07:52:19.494+0000] {logging_mixin.py:137} INFO - [2023-01-11T07:52:19.494+0000] {dag.py:2585} INFO - Sync 1 DAGs
[2023-01-11T07:52:19.511+0000] {logging_mixin.py:137} INFO - [2023-01-11T07:52:19.511+0000] {dag.py:3340} INFO - Setting next_dagrun for hello_world to 2023-01-11T06:00:00+00:00, run_after=2023-01-11T07:00:00+00:00
[2023-01-11T07:52:19.524+0000] {processor.py:176} INFO - Processing /opt/airflow/dags/hello_world.py took 0.079 seconds
[2023-01-11T07:52:49.804+0000] {processor.py:154} INFO - Started process (PID=175) to work on /opt/airflow/dags/hello_world.py
[2023-01-11T07:52:49.805+0000] {processor.py:756} INFO - Processing file /opt/airflow/dags/hello_world.py for tasks to queue
[2023-01-11T07:52:49.806+0000] {logging_mixin.py:137} INFO - [2023-01-11T07:52:49.806+0000] {dagbag.py:537} INFO - Filling up the DagBag from /opt/airflow/dags/hello_world.py
[2023-01-11T07:52:49.820+0000] {processor.py:766} INFO - DAG(s) dict_keys(['hello_world']) retrieved from /opt/airflow/dags/hello_world.py
[2023-01-11T07:52:49.850+0000] {logging_mixin.py:137} INFO - [2023-01-11T07:52:49.850+0000] {dag.py:2585} INFO - Sync 1 DAGs
[2023-01-11T07:52:49.867+0000] {logging_mixin.py:137} INFO - [2023-01-11T07:52:49.867+0000] {dag.py:3340} INFO - Setting next_dagrun for hello_world to 2023-01-11T06:00:00+00:00, run_after=2023-01-11T07:00:00+00:00
[2023-01-11T07:52:49.878+0000] {processor.py:176} INFO - Processing /opt/airflow/dags/hello_world.py took 0.078 seconds
[2023-01-11T07:53:20.119+0000] {processor.py:154} INFO - Started process (PID=204) to work on /opt/airflow/dags/hello_world.py
[2023-01-11T07:53:20.120+0000] {processor.py:756} INFO - Processing file /opt/airflow/dags/hello_world.py for tasks to queue
[2023-01-11T07:53:20.121+0000] {logging_mixin.py:137} INFO - [2023-01-11T07:53:20.121+0000] {dagbag.py:537} INFO - Filling up the DagBag from /opt/airflow/dags/hello_world.py
[2023-01-11T07:53:20.135+0000] {processor.py:766} INFO - DAG(s) dict_keys(['hello_world']) retrieved from /opt/airflow/dags/hello_world.py
[2023-01-11T07:53:20.164+0000] {logging_mixin.py:137} INFO - [2023-01-11T07:53:20.164+0000] {dag.py:2585} INFO - Sync 1 DAGs
[2023-01-11T07:53:20.181+0000] {logging_mixin.py:137} INFO - [2023-01-11T07:53:20.181+0000] {dag.py:3340} INFO - Setting next_dagrun for hello_world to 2023-01-11T06:00:00+00:00, run_after=2023-01-11T07:00:00+00:00
[2023-01-11T07:53:20.193+0000] {processor.py:176} INFO - Processing /opt/airflow/dags/hello_world.py took 0.078 seconds
[2023-01-11T07:53:50.461+0000] {processor.py:154} INFO - Started process (PID=234) to work on /opt/airflow/dags/hello_world.py
[2023-01-11T07:53:50.462+0000] {processor.py:756} INFO - Processing file /opt/airflow/dags/hello_world.py for tasks to queue
[2023-01-11T07:53:50.463+0000] {logging_mixin.py:137} INFO - [2023-01-11T07:53:50.463+0000] {dagbag.py:537} INFO - Filling up the DagBag from /opt/airflow/dags/hello_world.py
[2023-01-11T07:53:50.478+0000] {processor.py:766} INFO - DAG(s) dict_keys(['hello_world']) retrieved from /opt/airflow/dags/hello_world.py
[2023-01-11T07:53:50.508+0000] {logging_mixin.py:137} INFO - [2023-01-11T07:53:50.508+0000] {dag.py:2585} INFO - Sync 1 DAGs
[2023-01-11T07:53:50.524+0000] {logging_mixin.py:137} INFO - [2023-01-11T07:53:50.524+0000] {dag.py:3340} INFO - Setting next_dagrun for hello_world to 2023-01-11T06:00:00+00:00, run_after=2023-01-11T07:00:00+00:00
[2023-01-11T07:53:50.536+0000] {processor.py:176} INFO - Processing /opt/airflow/dags/hello_world.py took 0.078 seconds
[2023-01-11T07:54:21.333+0000] {processor.py:154} INFO - Started process (PID=264) to work on /opt/airflow/dags/hello_world.py
[2023-01-11T07:54:21.336+0000] {processor.py:756} INFO - Processing file /opt/airflow/dags/hello_world.py for tasks to queue
[2023-01-11T07:54:21.337+0000] {logging_mixin.py:137} INFO - [2023-01-11T07:54:21.337+0000] {dagbag.py:537} INFO - Filling up the DagBag from /opt/airflow/dags/hello_world.py
[2023-01-11T07:54:21.361+0000] {processor.py:766} INFO - DAG(s) dict_keys(['hello_world']) retrieved from /opt/airflow/dags/hello_world.py
[2023-01-11T07:54:21.416+0000] {logging_mixin.py:137} INFO - [2023-01-11T07:54:21.416+0000] {dag.py:2585} INFO - Sync 1 DAGs
[2023-01-11T07:54:21.446+0000] {logging_mixin.py:137} INFO - [2023-01-11T07:54:21.446+0000] {dag.py:3340} INFO - Setting next_dagrun for hello_world to 2023-01-11T06:00:00+00:00, run_after=2023-01-11T07:00:00+00:00
[2023-01-11T07:54:21.472+0000] {processor.py:176} INFO - Processing /opt/airflow/dags/hello_world.py took 0.143 seconds
[2023-01-11T07:54:51.811+0000] {processor.py:154} INFO - Started process (PID=285) to work on /opt/airflow/dags/hello_world.py
[2023-01-11T07:54:51.813+0000] {processor.py:756} INFO - Processing file /opt/airflow/dags/hello_world.py for tasks to queue
[2023-01-11T07:54:51.814+0000] {logging_mixin.py:137} INFO - [2023-01-11T07:54:51.814+0000] {dagbag.py:537} INFO - Filling up the DagBag from /opt/airflow/dags/hello_world.py
[2023-01-11T07:54:51.831+0000] {processor.py:766} INFO - DAG(s) dict_keys(['hello_world']) retrieved from /opt/airflow/dags/hello_world.py
[2023-01-11T07:54:51.872+0000] {logging_mixin.py:137} INFO - [2023-01-11T07:54:51.872+0000] {dag.py:2585} INFO - Sync 1 DAGs
[2023-01-11T07:54:51.894+0000] {logging_mixin.py:137} INFO - [2023-01-11T07:54:51.894+0000] {dag.py:3340} INFO - Setting next_dagrun for hello_world to 2023-01-11T06:00:00+00:00, run_after=2023-01-11T07:00:00+00:00
[2023-01-11T07:54:51.915+0000] {processor.py:176} INFO - Processing /opt/airflow/dags/hello_world.py took 0.108 seconds
[2023-01-11T07:55:22.253+0000] {processor.py:154} INFO - Started process (PID=314) to work on /opt/airflow/dags/hello_world.py
[2023-01-11T07:55:22.255+0000] {processor.py:756} INFO - Processing file /opt/airflow/dags/hello_world.py for tasks to queue
[2023-01-11T07:55:22.257+0000] {logging_mixin.py:137} INFO - [2023-01-11T07:55:22.256+0000] {dagbag.py:537} INFO - Filling up the DagBag from /opt/airflow/dags/hello_world.py
[2023-01-11T07:55:22.280+0000] {processor.py:766} INFO - DAG(s) dict_keys(['hello_world']) retrieved from /opt/airflow/dags/hello_world.py
[2023-01-11T07:55:22.311+0000] {logging_mixin.py:137} INFO - [2023-01-11T07:55:22.311+0000] {dag.py:2585} INFO - Sync 1 DAGs
[2023-01-11T07:55:22.327+0000] {logging_mixin.py:137} INFO - [2023-01-11T07:55:22.327+0000] {dag.py:3340} INFO - Setting next_dagrun for hello_world to 2023-01-11T06:00:00+00:00, run_after=2023-01-11T07:00:00+00:00
[2023-01-11T07:55:22.338+0000] {processor.py:176} INFO - Processing /opt/airflow/dags/hello_world.py took 0.092 seconds
[2023-01-11T07:55:52.647+0000] {processor.py:154} INFO - Started process (PID=345) to work on /opt/airflow/dags/hello_world.py
[2023-01-11T07:55:52.649+0000] {processor.py:756} INFO - Processing file /opt/airflow/dags/hello_world.py for tasks to queue
[2023-01-11T07:55:52.651+0000] {logging_mixin.py:137} INFO - [2023-01-11T07:55:52.650+0000] {dagbag.py:537} INFO - Filling up the DagBag from /opt/airflow/dags/hello_world.py
[2023-01-11T07:55:52.672+0000] {processor.py:766} INFO - DAG(s) dict_keys(['hello_world']) retrieved from /opt/airflow/dags/hello_world.py
[2023-01-11T07:55:52.705+0000] {logging_mixin.py:137} INFO - [2023-01-11T07:55:52.705+0000] {dag.py:2585} INFO - Sync 1 DAGs
[2023-01-11T07:55:52.725+0000] {logging_mixin.py:137} INFO - [2023-01-11T07:55:52.724+0000] {dag.py:3340} INFO - Setting next_dagrun for hello_world to 2023-01-11T06:00:00+00:00, run_after=2023-01-11T07:00:00+00:00
[2023-01-11T07:55:52.736+0000] {processor.py:176} INFO - Processing /opt/airflow/dags/hello_world.py took 0.093 seconds
